<?xml version="1.0" encoding="UTF-8"?>
<testsuite name="com.example.movie.MovieApplicationTests" tests="1" skipped="0" failures="0" errors="0" timestamp="2025-05-18T05:26:45.567Z" hostname="PC1230012" time="1.967">
  <properties/>
  <testcase name="contextLoads()" classname="com.example.movie.MovieApplicationTests" time="1.967"/>
  <system-out><![CDATA[14:26:40.529 [Test worker] INFO org.springframework.test.context.support.AnnotationConfigContextLoaderUtils -- Could not detect default configuration classes for test class [com.example.movie.MovieApplicationTests]: MovieApplicationTests does not declare any static, non-private, non-final, nested classes annotated with @Configuration.
14:26:40.676 [Test worker] INFO org.springframework.boot.test.context.SpringBootTestContextBootstrapper -- Found @SpringBootConfiguration com.example.movie.MovieApplication for test class com.example.movie.MovieApplicationTests

  .   ____          _            __ _ _
 /\\ / ___'_ __ _ _(_)_ __  __ _ \ \ \ \
( ( )\___ | '_ | '_| | '_ \/ _` | \ \ \ \
 \\/  ___)| |_)| | | | | || (_| |  ) ) ) )
  '  |____| .__|_| |_|_| |_\__, | / / / /
 =========|_|==============|___/=/_/_/_/

 :: Spring Boot ::                (v3.4.5)

2025-05-18T14:26:42.590+09:00  INFO 19644 --- [movie] [    Test worker] c.example.movie.MovieApplicationTests    : Starting MovieApplicationTests using Java 21.0.6 with PID 19644 (started by n1230012 in C:\Spring\movie)
2025-05-18T14:26:42.591+09:00  INFO 19644 --- [movie] [    Test worker] c.example.movie.MovieApplicationTests    : No active profile set, falling back to 1 default profile: "default"
2025-05-18T14:26:43.593+09:00  INFO 19644 --- [movie] [    Test worker] o.s.cloud.context.scope.GenericScope     : BeanFactory id=e9bb5019-e71a-3ed7-90e4-e3bf75fb97d4
2025-05-18T14:26:43.780+09:00  INFO 19644 --- [movie] [    Test worker] c.g.dozermapper.core.util.RuntimeUtils   : OSGi support is false
2025-05-18T14:26:43.810+09:00  INFO 19644 --- [movie] [    Test worker] c.g.d.core.DozerBeanMapperBuilder        : Initializing Dozer. Version: 7.0.0, Thread Name: Test worker
2025-05-18T14:26:43.814+09:00  INFO 19644 --- [movie] [    Test worker] d.c.c.r.LegacyPropertiesSettingsResolver : Trying to find Dozer configuration file: dozer.properties
2025-05-18T14:26:43.815+09:00  INFO 19644 --- [movie] [    Test worker] d.c.c.r.LegacyPropertiesSettingsResolver : Failed to find dozer.properties via com.github.dozermapper.core.config.resolvers.LegacyPropertiesSettingsResolver.
2025-05-18T14:26:43.820+09:00  INFO 19644 --- [movie] [    Test worker] c.g.d.core.el.ELExpressionFactory        : jakarta.el is not supported; Failed to resolve ExpressionFactory, com.sun.el.ExpressionFactoryImpl
2025-05-18T14:26:45.483+09:00  INFO 19644 --- [movie] [    Test worker] o.s.cloud.commons.util.InetUtils         : Cannot determine local hostname
2025-05-18T14:26:45.540+09:00  INFO 19644 --- [movie] [    Test worker] c.example.movie.MovieApplicationTests    : Started MovieApplicationTests in 4.394 seconds (process running for 6.626)
]]></system-out>
  <system-err><![CDATA[Mockito is currently self-attaching to enable the inline-mock-maker. This will no longer work in future releases of the JDK. Please add Mockito as an agent to your build what is described in Mockito's documentation: https://javadoc.io/doc/org.mockito/mockito-core/latest/org/mockito/Mockito.html#0.3
WARNING: A Java agent has been loaded dynamically (C:\Users\n1230012.STCN2\.gradle\caches\modules-2\files-2.1\net.bytebuddy\byte-buddy-agent\1.15.11\a38b16385e867f59a641330f0362ebe742788ed8\byte-buddy-agent-1.15.11.jar)
WARNING: If a serviceability tool is in use, please run with -XX:+EnableDynamicAgentLoading to hide this warning
WARNING: If a serviceability tool is not in use, please run with -Djdk.instrument.traceUsage for more information
WARNING: Dynamic loading of agents will be disallowed by default in a future release
]]></system-err>
</testsuite>
